LBE/unity_android_mix_demo/android/android_plugin/build/intermediates/manifest_merge_blame_file/release/manifest-merger-blame-release-report.txt
1<?xml version="1.0" encoding="utf-8"?>
2<manifest xmlns:android="http://schemas.android.com/apk/res/android"
3    package="com.example.androidplugin" >
4
5    <uses-sdk android:minSdkVersion="22" />
5-->src/main/AndroidManifest.xml
6
7    <uses-permission android:name="android.permission.INTERNET" />
7-->src/main/AndroidManifest.xml:3:5-67
7-->src/main/AndroidManifest.xml:3:22-64
8
9    <application>
9-->src/main/AndroidManifest.xml:4:5-7:19
10
11        <!--
12             No activity needed here if it's just a plugin library, 
13             unless you have specific activities to launch
14        -->
15    </application>
16
17</manifest>